{"/Users/vukansukara/Desktop/next-q-task/next-q-task/src/posts/PostsPage.tsx": {"path":"/Users/vukansukara/Desktop/next-q-task/next-q-task/src/posts/PostsPage.tsx","statementMap":{"0":{"start":{"line":9,"column":22},"end":{"line":48,"column":1}},"1":{"start":{"line":10,"column":40},"end":{"line":10,"column":60}},"2":{"start":{"line":11,"column":19},"end":{"line":11,"column":30}},"3":{"start":{"line":13,"column":30},"end":{"line":13,"column":44}},"4":{"start":{"line":15,"column":25},"end":{"line":36,"column":26}},"5":{"start":{"line":16,"column":23},"end":{"line":20,"column":9}},"6":{"start":{"line":17,"column":12},"end":{"line":19,"column":53}},"7":{"start":{"line":22,"column":31},"end":{"line":22,"column":71}},"8":{"start":{"line":22,"column":45},"end":{"line":22,"column":71}},"9":{"start":{"line":24,"column":8},"end":{"line":35,"column":11}},"10":{"start":{"line":25,"column":12},"end":{"line":34,"column":14}},"11":{"start":{"line":38,"column":4},"end":{"line":40,"column":5}},"12":{"start":{"line":39,"column":8},"end":{"line":39,"column":27}},"13":{"start":{"line":42,"column":4},"end":{"line":47,"column":6}}},"fnMap":{"0":{"name":"(anonymous_0)","decl":{"start":{"line":9,"column":22},"end":{"line":9,"column":23}},"loc":{"start":{"line":9,"column":28},"end":{"line":48,"column":1}},"line":9},"1":{"name":"(anonymous_1)","decl":{"start":{"line":15,"column":33},"end":{"line":15,"column":34}},"loc":{"start":{"line":15,"column":39},"end":{"line":36,"column":5}},"line":15},"2":{"name":"(anonymous_2)","decl":{"start":{"line":16,"column":66},"end":{"line":16,"column":67}},"loc":{"start":{"line":17,"column":12},"end":{"line":19,"column":53}},"line":17},"3":{"name":"(anonymous_3)","decl":{"start":{"line":22,"column":31},"end":{"line":22,"column":32}},"loc":{"start":{"line":22,"column":45},"end":{"line":22,"column":71}},"line":22},"4":{"name":"(anonymous_4)","decl":{"start":{"line":24,"column":27},"end":{"line":24,"column":28}},"loc":{"start":{"line":24,"column":37},"end":{"line":35,"column":9}},"line":24}},"branchMap":{"0":{"loc":{"start":{"line":38,"column":4},"end":{"line":40,"column":5}},"type":"if","locations":[{"start":{"line":38,"column":4},"end":{"line":40,"column":5}},{"start":{},"end":{}}],"line":38}},"s":{"0":1,"1":8,"2":8,"3":8,"4":8,"5":8,"6":3,"7":8,"8":0,"9":8,"10":3,"11":8,"12":5,"13":3},"f":{"0":8,"1":8,"2":3,"3":0,"4":3},"b":{"0":[5,3]},"_coverageSchema":"1a1c01bbd47fc00a2c39e90264f33305004495a9","hash":"2814e20bf70129c7cc7271b1e767aa1ea8b21d7d"}
,"/Users/vukansukara/Desktop/next-q-task/next-q-task/src/posts/index.ts": {"path":"/Users/vukansukara/Desktop/next-q-task/next-q-task/src/posts/index.ts","statementMap":{},"fnMap":{},"branchMap":{},"s":{},"f":{},"b":{},"_coverageSchema":"1a1c01bbd47fc00a2c39e90264f33305004495a9","hash":"02a98ab71c1373666a92f94dbdb1e52672370ed0"}
,"/Users/vukansukara/Desktop/next-q-task/next-q-task/src/posts/components/Card/Card.tsx": {"path":"/Users/vukansukara/Desktop/next-q-task/next-q-task/src/posts/components/Card/Card.tsx","statementMap":{"0":{"start":{"line":5,"column":28},"end":{"line":19,"column":1}},"1":{"start":{"line":7,"column":4},"end":{"line":18,"column":6}},"2":{"start":{"line":11,"column":27},"end":{"line":11,"column":45}}},"fnMap":{"0":{"name":"(anonymous_0)","decl":{"start":{"line":5,"column":28},"end":{"line":5,"column":29}},"loc":{"start":{"line":5,"column":75},"end":{"line":19,"column":1}},"line":5},"1":{"name":"(anonymous_1)","decl":{"start":{"line":11,"column":21},"end":{"line":11,"column":22}},"loc":{"start":{"line":11,"column":27},"end":{"line":11,"column":45}},"line":11}},"branchMap":{},"s":{"0":2,"1":5,"2":1},"f":{"0":5,"1":1},"b":{},"_coverageSchema":"1a1c01bbd47fc00a2c39e90264f33305004495a9","hash":"209a005807bab3097ae348aad6e25a8b324087d4"}
,"/Users/vukansukara/Desktop/next-q-task/next-q-task/src/posts/components/Card/index.ts": {"path":"/Users/vukansukara/Desktop/next-q-task/next-q-task/src/posts/components/Card/index.ts","statementMap":{},"fnMap":{},"branchMap":{},"s":{},"f":{},"b":{},"_coverageSchema":"1a1c01bbd47fc00a2c39e90264f33305004495a9","hash":"fbb66db6356861d888bbb6851df791a83a0e7bd9"}
,"/Users/vukansukara/Desktop/next-q-task/next-q-task/src/posts/graphql/PostsFragment.generated.tsx": {"path":"/Users/vukansukara/Desktop/next-q-task/next-q-task/src/posts/graphql/PostsFragment.generated.tsx","statementMap":{"0":{"start":{"line":6,"column":51},"end":{"line":11,"column":5}}},"fnMap":{},"branchMap":{},"s":{"0":3},"f":{},"b":{},"_coverageSchema":"1a1c01bbd47fc00a2c39e90264f33305004495a9","hash":"b82c3d636d013f24967913e72f4bfcfff10878a2"}
,"/Users/vukansukara/Desktop/next-q-task/next-q-task/src/posts/graphql/home.generated.tsx": {"path":"/Users/vukansukara/Desktop/next-q-task/next-q-task/src/posts/graphql/home.generated.tsx","statementMap":{"0":{"start":{"line":5,"column":23},"end":{"line":5,"column":34}},"1":{"start":{"line":12,"column":42},"end":{"line":33,"column":5}},"2":{"start":{"line":35,"column":24},"end":{"line":35,"column":59}},"3":{"start":{"line":36,"column":8},"end":{"line":36,"column":85}},"4":{"start":{"line":39,"column":26},"end":{"line":39,"column":61}},"5":{"start":{"line":40,"column":10},"end":{"line":40,"column":91}}},"fnMap":{"0":{"name":"useHomeQuery","decl":{"start":{"line":34,"column":16},"end":{"line":34,"column":28}},"loc":{"start":{"line":34,"column":99},"end":{"line":37,"column":7}},"line":34},"1":{"name":"useHomeLazyQuery","decl":{"start":{"line":38,"column":16},"end":{"line":38,"column":32}},"loc":{"start":{"line":38,"column":107},"end":{"line":41,"column":9}},"line":38}},"branchMap":{},"s":{"0":1,"1":1,"2":8,"3":8,"4":0,"5":0},"f":{"0":8,"1":0},"b":{},"_coverageSchema":"1a1c01bbd47fc00a2c39e90264f33305004495a9","hash":"169cc2afdbff72f2040832bdbb0e1092283f6146"}
,"/Users/vukansukara/Desktop/next-q-task/next-q-task/src/posts/graphql/post.generated.tsx": {"path":"/Users/vukansukara/Desktop/next-q-task/next-q-task/src/posts/graphql/post.generated.tsx","statementMap":{"0":{"start":{"line":6,"column":23},"end":{"line":6,"column":34}},"1":{"start":{"line":68,"column":42},"end":{"line":109,"column":1}},"2":{"start":{"line":113,"column":20},"end":{"line":113,"column":57}},"3":{"start":{"line":114,"column":4},"end":{"line":117,"column":6}},"4":{"start":{"line":122,"column":20},"end":{"line":122,"column":57}},"5":{"start":{"line":123,"column":4},"end":{"line":126,"column":6}}},"fnMap":{"0":{"name":"usePostQuery","decl":{"start":{"line":110,"column":16},"end":{"line":110,"column":28}},"loc":{"start":{"line":112,"column":2},"end":{"line":118,"column":1}},"line":112},"1":{"name":"usePostLazyQuery","decl":{"start":{"line":119,"column":16},"end":{"line":119,"column":32}},"loc":{"start":{"line":121,"column":2},"end":{"line":127,"column":1}},"line":121}},"branchMap":{},"s":{"0":3,"1":3,"2":5,"3":5,"4":0,"5":0},"f":{"0":5,"1":0},"b":{},"_coverageSchema":"1a1c01bbd47fc00a2c39e90264f33305004495a9","hash":"c11c6387a3a9804c42d66cb3cb5b39caed4dcc1b"}
,"/Users/vukansukara/Desktop/next-q-task/next-q-task/src/posts/post/Post.tsx": {"path":"/Users/vukansukara/Desktop/next-q-task/next-q-task/src/posts/post/Post.tsx","statementMap":{"0":{"start":{"line":12,"column":24},"end":{"line":50,"column":1}},"1":{"start":{"line":13,"column":30},"end":{"line":15,"column":6}},"2":{"start":{"line":17,"column":4},"end":{"line":19,"column":5}},"3":{"start":{"line":18,"column":8},"end":{"line":18,"column":27}},"4":{"start":{"line":21,"column":16},"end":{"line":21,"column":143}},"5":{"start":{"line":23,"column":4},"end":{"line":49,"column":6}},"6":{"start":{"line":31,"column":34},"end":{"line":31,"column":37}},"7":{"start":{"line":38,"column":16},"end":{"line":46,"column":18}}},"fnMap":{"0":{"name":"(anonymous_0)","decl":{"start":{"line":12,"column":24},"end":{"line":12,"column":25}},"loc":{"start":{"line":12,"column":36},"end":{"line":50,"column":1}},"line":12},"1":{"name":"(anonymous_1)","decl":{"start":{"line":31,"column":28},"end":{"line":31,"column":29}},"loc":{"start":{"line":31,"column":34},"end":{"line":31,"column":37}},"line":31},"2":{"name":"(anonymous_2)","decl":{"start":{"line":37,"column":62},"end":{"line":37,"column":63}},"loc":{"start":{"line":38,"column":16},"end":{"line":46,"column":18}},"line":38}},"branchMap":{"0":{"loc":{"start":{"line":17,"column":4},"end":{"line":19,"column":5}},"type":"if","locations":[{"start":{"line":17,"column":4},"end":{"line":19,"column":5}},{"start":{},"end":{}}],"line":17}},"s":{"0":3,"1":5,"2":5,"3":3,"4":2,"5":2,"6":40,"7":4},"f":{"0":5,"1":40,"2":4},"b":{"0":[3,2]},"_coverageSchema":"1a1c01bbd47fc00a2c39e90264f33305004495a9","hash":"141bb66312833943b327de0d3a4e3f0565d6e010"}
,"/Users/vukansukara/Desktop/next-q-task/next-q-task/src/posts/post/components/comments/Comments.tsx": {"path":"/Users/vukansukara/Desktop/next-q-task/next-q-task/src/posts/post/components/comments/Comments.tsx","statementMap":{"0":{"start":{"line":5,"column":36},"end":{"line":22,"column":1}},"1":{"start":{"line":6,"column":4},"end":{"line":21,"column":6}}},"fnMap":{"0":{"name":"(anonymous_0)","decl":{"start":{"line":5,"column":36},"end":{"line":5,"column":37}},"loc":{"start":{"line":5,"column":67},"end":{"line":22,"column":1}},"line":5}},"branchMap":{},"s":{"0":4,"1":5},"f":{"0":5},"b":{},"_coverageSchema":"1a1c01bbd47fc00a2c39e90264f33305004495a9","hash":"11fa1e192d482bfcc5a4d16faaf8334fab0eb00f"}
,"/Users/vukansukara/Desktop/next-q-task/next-q-task/src/posts/post/components/comments/index.ts": {"path":"/Users/vukansukara/Desktop/next-q-task/next-q-task/src/posts/post/components/comments/index.ts","statementMap":{},"fnMap":{},"branchMap":{},"s":{},"f":{},"b":{},"_coverageSchema":"1a1c01bbd47fc00a2c39e90264f33305004495a9","hash":"ab90cc0daa71100fb0a6afdb46af90efa9a236dc"}
,"/Users/vukansukara/Desktop/next-q-task/next-q-task/src/shared/components/search/Search.tsx": {"path":"/Users/vukansukara/Desktop/next-q-task/next-q-task/src/shared/components/search/Search.tsx","statementMap":{"0":{"start":{"line":9,"column":34},"end":{"line":21,"column":1}},"1":{"start":{"line":10,"column":4},"end":{"line":20,"column":6}},"2":{"start":{"line":16,"column":20},"end":{"line":16,"column":54}},"3":{"start":{"line":23,"column":0},"end":{"line":23,"column":28}}},"fnMap":{"0":{"name":"(anonymous_0)","decl":{"start":{"line":9,"column":34},"end":{"line":9,"column":35}},"loc":{"start":{"line":9,"column":57},"end":{"line":21,"column":1}},"line":9},"1":{"name":"(anonymous_1)","decl":{"start":{"line":15,"column":26},"end":{"line":15,"column":27}},"loc":{"start":{"line":15,"column":37},"end":{"line":17,"column":17}},"line":15}},"branchMap":{},"s":{"0":2,"1":4,"2":1,"3":2},"f":{"0":4,"1":1},"b":{},"_coverageSchema":"1a1c01bbd47fc00a2c39e90264f33305004495a9","hash":"dcd4e7bc998ac5160a0ffa479367dbdb66f58bd2"}
,"/Users/vukansukara/Desktop/next-q-task/next-q-task/src/shared/components/spinner/Spinner.tsx": {"path":"/Users/vukansukara/Desktop/next-q-task/next-q-task/src/shared/components/spinner/Spinner.tsx","statementMap":{"0":{"start":{"line":6,"column":20},"end":{"line":12,"column":1}},"1":{"start":{"line":7,"column":4},"end":{"line":11,"column":6}}},"fnMap":{"0":{"name":"(anonymous_0)","decl":{"start":{"line":6,"column":20},"end":{"line":6,"column":21}},"loc":{"start":{"line":6,"column":26},"end":{"line":12,"column":1}},"line":6}},"branchMap":{},"s":{"0":3,"1":8},"f":{"0":8},"b":{},"_coverageSchema":"1a1c01bbd47fc00a2c39e90264f33305004495a9","hash":"3b2083c5fd8af2b17e2e771ebaa36797d1bad01e"}
}
