{"/Users/vukansukara/Desktop/next-q-task/next-q-task/src/posts/PostsPage.tsx": {"path":"/Users/vukansukara/Desktop/next-q-task/next-q-task/src/posts/PostsPage.tsx","statementMap":{"0":{"start":{"line":10,"column":22},"end":{"line":61,"column":1}},"1":{"start":{"line":11,"column":40},"end":{"line":11,"column":60}},"2":{"start":{"line":12,"column":28},"end":{"line":12,"column":53}},"3":{"start":{"line":13,"column":19},"end":{"line":13,"column":30}},"4":{"start":{"line":15,"column":24},"end":{"line":28,"column":6}},"5":{"start":{"line":17,"column":12},"end":{"line":26,"column":15}},"6":{"start":{"line":18,"column":16},"end":{"line":25,"column":19}},"7":{"start":{"line":18,"column":37},"end":{"line":25,"column":17}},"8":{"start":{"line":30,"column":25},"end":{"line":49,"column":26}},"9":{"start":{"line":31,"column":23},"end":{"line":32,"column":9}},"10":{"start":{"line":31,"column":56},"end":{"line":31,"column":122}},"11":{"start":{"line":34,"column":8},"end":{"line":48,"column":11}},"12":{"start":{"line":36,"column":12},"end":{"line":47,"column":14}},"13":{"start":{"line":43,"column":24},"end":{"line":43,"column":56}},"14":{"start":{"line":51,"column":4},"end":{"line":53,"column":5}},"15":{"start":{"line":52,"column":8},"end":{"line":52,"column":27}},"16":{"start":{"line":55,"column":4},"end":{"line":60,"column":6}}},"fnMap":{"0":{"name":"(anonymous_0)","decl":{"start":{"line":10,"column":22},"end":{"line":10,"column":23}},"loc":{"start":{"line":10,"column":28},"end":{"line":61,"column":1}},"line":10},"1":{"name":"(anonymous_1)","decl":{"start":{"line":16,"column":21},"end":{"line":16,"column":22}},"loc":{"start":{"line":16,"column":32},"end":{"line":27,"column":9}},"line":16},"2":{"name":"(anonymous_2)","decl":{"start":{"line":17,"column":38},"end":{"line":17,"column":39}},"loc":{"start":{"line":17,"column":48},"end":{"line":26,"column":13}},"line":17},"3":{"name":"(anonymous_3)","decl":{"start":{"line":18,"column":24},"end":{"line":18,"column":25}},"loc":{"start":{"line":18,"column":37},"end":{"line":25,"column":17}},"line":18},"4":{"name":"(anonymous_4)","decl":{"start":{"line":30,"column":33},"end":{"line":30,"column":34}},"loc":{"start":{"line":30,"column":39},"end":{"line":49,"column":5}},"line":30},"5":{"name":"(anonymous_5)","decl":{"start":{"line":31,"column":35},"end":{"line":31,"column":36}},"loc":{"start":{"line":31,"column":56},"end":{"line":31,"column":122}},"line":31},"6":{"name":"(anonymous_6)","decl":{"start":{"line":34,"column":27},"end":{"line":34,"column":28}},"loc":{"start":{"line":34,"column":48},"end":{"line":48,"column":9}},"line":34},"7":{"name":"(anonymous_7)","decl":{"start":{"line":42,"column":36},"end":{"line":42,"column":37}},"loc":{"start":{"line":42,"column":42},"end":{"line":44,"column":21}},"line":42}},"branchMap":{"0":{"loc":{"start":{"line":51,"column":4},"end":{"line":53,"column":5}},"type":"if","locations":[{"start":{"line":51,"column":4},"end":{"line":53,"column":5}},{"start":{},"end":{}}],"line":51}},"s":{"0":1,"1":8,"2":8,"3":8,"4":8,"5":0,"6":0,"7":0,"8":8,"9":5,"10":0,"11":5,"12":0,"13":0,"14":8,"15":5,"16":3},"f":{"0":8,"1":0,"2":0,"3":0,"4":5,"5":0,"6":0,"7":0},"b":{"0":[5,3]},"_coverageSchema":"1a1c01bbd47fc00a2c39e90264f33305004495a9","hash":"6d6582bf3f1ad571e4d09da8b8d9e2e52f2de181"}
,"/Users/vukansukara/Desktop/next-q-task/next-q-task/src/posts/index.ts": {"path":"/Users/vukansukara/Desktop/next-q-task/next-q-task/src/posts/index.ts","statementMap":{},"fnMap":{},"branchMap":{},"s":{},"f":{},"b":{},"_coverageSchema":"1a1c01bbd47fc00a2c39e90264f33305004495a9","hash":"02a98ab71c1373666a92f94dbdb1e52672370ed0"}
,"/Users/vukansukara/Desktop/next-q-task/next-q-task/src/posts/components/Card/Card.tsx": {"path":"/Users/vukansukara/Desktop/next-q-task/next-q-task/src/posts/components/Card/Card.tsx","statementMap":{"0":{"start":{"line":5,"column":28},"end":{"line":19,"column":1}},"1":{"start":{"line":7,"column":4},"end":{"line":18,"column":6}},"2":{"start":{"line":11,"column":27},"end":{"line":11,"column":45}}},"fnMap":{"0":{"name":"(anonymous_0)","decl":{"start":{"line":5,"column":28},"end":{"line":5,"column":29}},"loc":{"start":{"line":5,"column":75},"end":{"line":19,"column":1}},"line":5},"1":{"name":"(anonymous_1)","decl":{"start":{"line":11,"column":21},"end":{"line":11,"column":22}},"loc":{"start":{"line":11,"column":27},"end":{"line":11,"column":45}},"line":11}},"branchMap":{},"s":{"0":2,"1":2,"2":1},"f":{"0":2,"1":1},"b":{},"_coverageSchema":"1a1c01bbd47fc00a2c39e90264f33305004495a9","hash":"209a005807bab3097ae348aad6e25a8b324087d4"}
,"/Users/vukansukara/Desktop/next-q-task/next-q-task/src/posts/components/Card/index.ts": {"path":"/Users/vukansukara/Desktop/next-q-task/next-q-task/src/posts/components/Card/index.ts","statementMap":{},"fnMap":{},"branchMap":{},"s":{},"f":{},"b":{},"_coverageSchema":"1a1c01bbd47fc00a2c39e90264f33305004495a9","hash":"fbb66db6356861d888bbb6851df791a83a0e7bd9"}
,"/Users/vukansukara/Desktop/next-q-task/next-q-task/src/posts/graphql/PostsFragment.generated.tsx": {"path":"/Users/vukansukara/Desktop/next-q-task/next-q-task/src/posts/graphql/PostsFragment.generated.tsx","statementMap":{"0":{"start":{"line":6,"column":51},"end":{"line":11,"column":5}}},"fnMap":{},"branchMap":{},"s":{"0":3},"f":{},"b":{},"_coverageSchema":"1a1c01bbd47fc00a2c39e90264f33305004495a9","hash":"b82c3d636d013f24967913e72f4bfcfff10878a2"}
,"/Users/vukansukara/Desktop/next-q-task/next-q-task/src/posts/graphql/post.generated.tsx": {"path":"/Users/vukansukara/Desktop/next-q-task/next-q-task/src/posts/graphql/post.generated.tsx","statementMap":{"0":{"start":{"line":6,"column":23},"end":{"line":6,"column":34}},"1":{"start":{"line":15,"column":42},"end":{"line":55,"column":29}},"2":{"start":{"line":57,"column":24},"end":{"line":57,"column":59}},"3":{"start":{"line":58,"column":8},"end":{"line":58,"column":85}},"4":{"start":{"line":61,"column":26},"end":{"line":61,"column":61}},"5":{"start":{"line":62,"column":10},"end":{"line":62,"column":91}}},"fnMap":{"0":{"name":"usePostQuery","decl":{"start":{"line":56,"column":16},"end":{"line":56,"column":28}},"loc":{"start":{"line":56,"column":99},"end":{"line":59,"column":7}},"line":56},"1":{"name":"usePostLazyQuery","decl":{"start":{"line":60,"column":16},"end":{"line":60,"column":32}},"loc":{"start":{"line":60,"column":107},"end":{"line":63,"column":9}},"line":60}},"branchMap":{},"s":{"0":3,"1":3,"2":3,"3":3,"4":0,"5":0},"f":{"0":3,"1":0},"b":{},"_coverageSchema":"1a1c01bbd47fc00a2c39e90264f33305004495a9","hash":"37c6165ec620d8c1a76d19f1564f7a758ce5c253"}
,"/Users/vukansukara/Desktop/next-q-task/next-q-task/src/posts/graphql/posts.generated.tsx": {"path":"/Users/vukansukara/Desktop/next-q-task/next-q-task/src/posts/graphql/posts.generated.tsx","statementMap":{"0":{"start":{"line":6,"column":23},"end":{"line":6,"column":34}},"1":{"start":{"line":13,"column":43},"end":{"line":31,"column":29}},"2":{"start":{"line":33,"column":24},"end":{"line":33,"column":59}},"3":{"start":{"line":34,"column":8},"end":{"line":34,"column":88}},"4":{"start":{"line":37,"column":26},"end":{"line":37,"column":61}},"5":{"start":{"line":38,"column":10},"end":{"line":38,"column":94}}},"fnMap":{"0":{"name":"usePostsQuery","decl":{"start":{"line":32,"column":16},"end":{"line":32,"column":29}},"loc":{"start":{"line":32,"column":102},"end":{"line":35,"column":7}},"line":32},"1":{"name":"usePostsLazyQuery","decl":{"start":{"line":36,"column":16},"end":{"line":36,"column":33}},"loc":{"start":{"line":36,"column":110},"end":{"line":39,"column":9}},"line":36}},"branchMap":{},"s":{"0":1,"1":1,"2":8,"3":8,"4":0,"5":0},"f":{"0":8,"1":0},"b":{},"_coverageSchema":"1a1c01bbd47fc00a2c39e90264f33305004495a9","hash":"b835de55ac96b2056ec671b0bd2f18ecbe35c0b8"}
,"/Users/vukansukara/Desktop/next-q-task/next-q-task/src/posts/post/Post.tsx": {"path":"/Users/vukansukara/Desktop/next-q-task/next-q-task/src/posts/post/Post.tsx","statementMap":{"0":{"start":{"line":14,"column":24},"end":{"line":88,"column":1}},"1":{"start":{"line":15,"column":28},"end":{"line":24,"column":6}},"2":{"start":{"line":26,"column":36},"end":{"line":26,"column":65}},"3":{"start":{"line":28,"column":24},"end":{"line":52,"column":6}},"4":{"start":{"line":31,"column":12},"end":{"line":41,"column":28}},"5":{"start":{"line":43,"column":12},"end":{"line":50,"column":15}},"6":{"start":{"line":44,"column":16},"end":{"line":49,"column":19}},"7":{"start":{"line":44,"column":41},"end":{"line":49,"column":17}},"8":{"start":{"line":58,"column":4},"end":{"line":60,"column":5}},"9":{"start":{"line":59,"column":8},"end":{"line":59,"column":27}},"10":{"start":{"line":62,"column":16},"end":{"line":62,"column":39}},"11":{"start":{"line":64,"column":16},"end":{"line":64,"column":38}},"12":{"start":{"line":66,"column":4},"end":{"line":87,"column":6}},"13":{"start":{"line":72,"column":34},"end":{"line":72,"column":37}},"14":{"start":{"line":79,"column":16},"end":{"line":84,"column":18}}},"fnMap":{"0":{"name":"(anonymous_0)","decl":{"start":{"line":14,"column":24},"end":{"line":14,"column":25}},"loc":{"start":{"line":14,"column":36},"end":{"line":88,"column":1}},"line":14},"1":{"name":"(anonymous_1)","decl":{"start":{"line":30,"column":21},"end":{"line":30,"column":22}},"loc":{"start":{"line":30,"column":31},"end":{"line":51,"column":9}},"line":30},"2":{"name":"(anonymous_2)","decl":{"start":{"line":43,"column":65},"end":{"line":43,"column":66}},"loc":{"start":{"line":43,"column":75},"end":{"line":50,"column":13}},"line":43},"3":{"name":"(anonymous_3)","decl":{"start":{"line":44,"column":28},"end":{"line":44,"column":29}},"loc":{"start":{"line":44,"column":41},"end":{"line":49,"column":17}},"line":44},"4":{"name":"(anonymous_4)","decl":{"start":{"line":72,"column":28},"end":{"line":72,"column":29}},"loc":{"start":{"line":72,"column":34},"end":{"line":72,"column":37}},"line":72},"5":{"name":"(anonymous_5)","decl":{"start":{"line":78,"column":26},"end":{"line":78,"column":27}},"loc":{"start":{"line":79,"column":16},"end":{"line":84,"column":18}},"line":79}},"branchMap":{"0":{"loc":{"start":{"line":58,"column":4},"end":{"line":60,"column":5}},"type":"if","locations":[{"start":{"line":58,"column":4},"end":{"line":60,"column":5}},{"start":{},"end":{}}],"line":58}},"s":{"0":3,"1":3,"2":3,"3":3,"4":1,"5":1,"6":0,"7":0,"8":3,"9":2,"10":1,"11":1,"12":1,"13":20,"14":0},"f":{"0":3,"1":1,"2":0,"3":0,"4":20,"5":0},"b":{"0":[2,1]},"_coverageSchema":"1a1c01bbd47fc00a2c39e90264f33305004495a9","hash":"ba32415e081e42973fd122d615cf650bc73f782e"}
,"/Users/vukansukara/Desktop/next-q-task/next-q-task/src/posts/post/components/comments/Comments.tsx": {"path":"/Users/vukansukara/Desktop/next-q-task/next-q-task/src/posts/post/components/comments/Comments.tsx","statementMap":{"0":{"start":{"line":5,"column":36},"end":{"line":22,"column":1}},"1":{"start":{"line":6,"column":4},"end":{"line":21,"column":6}}},"fnMap":{"0":{"name":"(anonymous_0)","decl":{"start":{"line":5,"column":36},"end":{"line":5,"column":37}},"loc":{"start":{"line":5,"column":67},"end":{"line":22,"column":1}},"line":5}},"branchMap":{},"s":{"0":4,"1":1},"f":{"0":1},"b":{},"_coverageSchema":"1a1c01bbd47fc00a2c39e90264f33305004495a9","hash":"11fa1e192d482bfcc5a4d16faaf8334fab0eb00f"}
,"/Users/vukansukara/Desktop/next-q-task/next-q-task/src/posts/post/components/comments/index.ts": {"path":"/Users/vukansukara/Desktop/next-q-task/next-q-task/src/posts/post/components/comments/index.ts","statementMap":{},"fnMap":{},"branchMap":{},"s":{},"f":{},"b":{},"_coverageSchema":"1a1c01bbd47fc00a2c39e90264f33305004495a9","hash":"ab90cc0daa71100fb0a6afdb46af90efa9a236dc"}
,"/Users/vukansukara/Desktop/next-q-task/next-q-task/src/shared/components/search/Search.tsx": {"path":"/Users/vukansukara/Desktop/next-q-task/next-q-task/src/shared/components/search/Search.tsx","statementMap":{"0":{"start":{"line":9,"column":34},"end":{"line":21,"column":1}},"1":{"start":{"line":10,"column":4},"end":{"line":20,"column":6}},"2":{"start":{"line":16,"column":20},"end":{"line":16,"column":54}},"3":{"start":{"line":23,"column":0},"end":{"line":23,"column":28}}},"fnMap":{"0":{"name":"(anonymous_0)","decl":{"start":{"line":9,"column":34},"end":{"line":9,"column":35}},"loc":{"start":{"line":9,"column":57},"end":{"line":21,"column":1}},"line":9},"1":{"name":"(anonymous_1)","decl":{"start":{"line":15,"column":26},"end":{"line":15,"column":27}},"loc":{"start":{"line":15,"column":37},"end":{"line":17,"column":17}},"line":15}},"branchMap":{},"s":{"0":2,"1":4,"2":1,"3":2},"f":{"0":4,"1":1},"b":{},"_coverageSchema":"1a1c01bbd47fc00a2c39e90264f33305004495a9","hash":"dcd4e7bc998ac5160a0ffa479367dbdb66f58bd2"}
,"/Users/vukansukara/Desktop/next-q-task/next-q-task/src/shared/components/spinner/Spinner.tsx": {"path":"/Users/vukansukara/Desktop/next-q-task/next-q-task/src/shared/components/spinner/Spinner.tsx","statementMap":{"0":{"start":{"line":6,"column":20},"end":{"line":12,"column":1}},"1":{"start":{"line":7,"column":4},"end":{"line":11,"column":6}}},"fnMap":{"0":{"name":"(anonymous_0)","decl":{"start":{"line":6,"column":20},"end":{"line":6,"column":21}},"loc":{"start":{"line":6,"column":26},"end":{"line":12,"column":1}},"line":6}},"branchMap":{},"s":{"0":3,"1":7},"f":{"0":7},"b":{},"_coverageSchema":"1a1c01bbd47fc00a2c39e90264f33305004495a9","hash":"3b2083c5fd8af2b17e2e771ebaa36797d1bad01e"}
}
