TN:
SF:src/posts/PostsPage.tsx
FN:9,(anonymous_0)
FN:15,(anonymous_1)
FN:16,(anonymous_2)
FN:22,(anonymous_3)
FN:24,(anonymous_4)
FNF:5
FNH:4
FNDA:8,(anonymous_0)
FNDA:8,(anonymous_1)
FNDA:3,(anonymous_2)
FNDA:0,(anonymous_3)
FNDA:3,(anonymous_4)
DA:9,1
DA:10,8
DA:11,8
DA:13,8
DA:15,8
DA:16,8
DA:17,3
DA:22,8
DA:24,8
DA:25,3
DA:38,8
DA:39,5
DA:42,3
LF:13
LH:13
BRDA:38,0,0,5
BRDA:38,0,1,3
BRF:2
BRH:2
end_of_record
TN:
SF:src/posts/index.ts
FNF:0
FNH:0
LF:0
LH:0
BRF:0
BRH:0
end_of_record
TN:
SF:src/posts/components/Card/Card.tsx
FN:5,(anonymous_0)
FN:11,(anonymous_1)
FNF:2
FNH:2
FNDA:5,(anonymous_0)
FNDA:1,(anonymous_1)
DA:5,2
DA:7,5
DA:11,1
LF:3
LH:3
BRF:0
BRH:0
end_of_record
TN:
SF:src/posts/components/Card/index.ts
FNF:0
FNH:0
LF:0
LH:0
BRF:0
BRH:0
end_of_record
TN:
SF:src/posts/graphql/PostsFragment.generated.tsx
FNF:0
FNH:0
DA:6,3
LF:1
LH:1
BRF:0
BRH:0
end_of_record
TN:
SF:src/posts/graphql/home.generated.tsx
FN:34,useHomeQuery
FN:38,useHomeLazyQuery
FNF:2
FNH:1
FNDA:8,useHomeQuery
FNDA:0,useHomeLazyQuery
DA:5,1
DA:12,1
DA:35,8
DA:36,8
DA:39,0
DA:40,0
LF:6
LH:4
BRF:0
BRH:0
end_of_record
TN:
SF:src/posts/graphql/post.generated.tsx
FN:110,usePostQuery
FN:119,usePostLazyQuery
FNF:2
FNH:1
FNDA:5,usePostQuery
FNDA:0,usePostLazyQuery
DA:6,3
DA:68,3
DA:113,5
DA:114,5
DA:122,0
DA:123,0
LF:6
LH:4
BRF:0
BRH:0
end_of_record
TN:
SF:src/posts/post/Post.tsx
FN:12,(anonymous_0)
FN:31,(anonymous_1)
FN:37,(anonymous_2)
FNF:3
FNH:3
FNDA:5,(anonymous_0)
FNDA:40,(anonymous_1)
FNDA:4,(anonymous_2)
DA:12,3
DA:13,5
DA:17,5
DA:18,3
DA:21,2
DA:23,2
DA:31,40
DA:38,4
LF:8
LH:8
BRDA:17,0,0,3
BRDA:17,0,1,2
BRF:2
BRH:2
end_of_record
TN:
SF:src/posts/post/components/comments/Comments.tsx
FN:5,(anonymous_0)
FNF:1
FNH:1
FNDA:5,(anonymous_0)
DA:5,4
DA:6,5
LF:2
LH:2
BRF:0
BRH:0
end_of_record
TN:
SF:src/posts/post/components/comments/index.ts
FNF:0
FNH:0
LF:0
LH:0
BRF:0
BRH:0
end_of_record
TN:
SF:src/shared/components/search/Search.tsx
FN:9,(anonymous_0)
FN:15,(anonymous_1)
FNF:2
FNH:2
FNDA:4,(anonymous_0)
FNDA:1,(anonymous_1)
DA:9,2
DA:10,4
DA:16,1
DA:23,2
LF:4
LH:4
BRF:0
BRH:0
end_of_record
TN:
SF:src/shared/components/spinner/Spinner.tsx
FN:6,(anonymous_0)
FNF:1
FNH:1
FNDA:8,(anonymous_0)
DA:6,3
DA:7,8
LF:2
LH:2
BRF:0
BRH:0
end_of_record
