TN:
SF:src/posts/PostsPage.tsx
FN:10,(anonymous_0)
FN:16,(anonymous_1)
FN:17,(anonymous_2)
FN:18,(anonymous_3)
FN:30,(anonymous_4)
FN:31,(anonymous_5)
FN:34,(anonymous_6)
FN:42,(anonymous_7)
FNF:8
FNH:2
FNDA:8,(anonymous_0)
FNDA:0,(anonymous_1)
FNDA:0,(anonymous_2)
FNDA:0,(anonymous_3)
FNDA:5,(anonymous_4)
FNDA:0,(anonymous_5)
FNDA:0,(anonymous_6)
FNDA:0,(anonymous_7)
DA:10,1
DA:11,8
DA:12,8
DA:13,8
DA:15,8
DA:17,0
DA:18,0
DA:30,8
DA:31,5
DA:34,5
DA:36,0
DA:43,0
DA:51,8
DA:52,5
DA:55,3
LF:15
LH:11
BRDA:51,0,0,5
BRDA:51,0,1,3
BRF:2
BRH:2
end_of_record
TN:
SF:src/posts/index.ts
FNF:0
FNH:0
LF:0
LH:0
BRF:0
BRH:0
end_of_record
TN:
SF:src/posts/components/Card/Card.tsx
FN:5,(anonymous_0)
FN:11,(anonymous_1)
FNF:2
FNH:2
FNDA:2,(anonymous_0)
FNDA:1,(anonymous_1)
DA:5,2
DA:7,2
DA:11,1
LF:3
LH:3
BRF:0
BRH:0
end_of_record
TN:
SF:src/posts/components/Card/index.ts
FNF:0
FNH:0
LF:0
LH:0
BRF:0
BRH:0
end_of_record
TN:
SF:src/posts/graphql/PostsFragment.generated.tsx
FNF:0
FNH:0
DA:6,3
LF:1
LH:1
BRF:0
BRH:0
end_of_record
TN:
SF:src/posts/graphql/post.generated.tsx
FN:56,usePostQuery
FN:60,usePostLazyQuery
FNF:2
FNH:1
FNDA:3,usePostQuery
FNDA:0,usePostLazyQuery
DA:6,3
DA:15,3
DA:57,3
DA:58,3
DA:61,0
DA:62,0
LF:6
LH:4
BRF:0
BRH:0
end_of_record
TN:
SF:src/posts/graphql/posts.generated.tsx
FN:32,usePostsQuery
FN:36,usePostsLazyQuery
FNF:2
FNH:1
FNDA:8,usePostsQuery
FNDA:0,usePostsLazyQuery
DA:6,1
DA:13,1
DA:33,8
DA:34,8
DA:37,0
DA:38,0
LF:6
LH:4
BRF:0
BRH:0
end_of_record
TN:
SF:src/posts/post/Post.tsx
FN:14,(anonymous_0)
FN:30,(anonymous_1)
FN:43,(anonymous_2)
FN:44,(anonymous_3)
FN:72,(anonymous_4)
FN:78,(anonymous_5)
FNF:6
FNH:3
FNDA:3,(anonymous_0)
FNDA:1,(anonymous_1)
FNDA:0,(anonymous_2)
FNDA:0,(anonymous_3)
FNDA:20,(anonymous_4)
FNDA:0,(anonymous_5)
DA:14,3
DA:15,3
DA:26,3
DA:28,3
DA:31,1
DA:43,1
DA:44,0
DA:58,3
DA:59,2
DA:62,1
DA:64,1
DA:66,1
DA:72,20
DA:79,0
LF:14
LH:12
BRDA:58,0,0,2
BRDA:58,0,1,1
BRF:2
BRH:2
end_of_record
TN:
SF:src/posts/post/components/comments/Comments.tsx
FN:5,(anonymous_0)
FNF:1
FNH:1
FNDA:1,(anonymous_0)
DA:5,4
DA:6,1
LF:2
LH:2
BRF:0
BRH:0
end_of_record
TN:
SF:src/posts/post/components/comments/index.ts
FNF:0
FNH:0
LF:0
LH:0
BRF:0
BRH:0
end_of_record
TN:
SF:src/shared/components/search/Search.tsx
FN:9,(anonymous_0)
FN:15,(anonymous_1)
FNF:2
FNH:2
FNDA:4,(anonymous_0)
FNDA:1,(anonymous_1)
DA:9,2
DA:10,4
DA:16,1
DA:23,2
LF:4
LH:4
BRF:0
BRH:0
end_of_record
TN:
SF:src/shared/components/spinner/Spinner.tsx
FN:6,(anonymous_0)
FNF:1
FNH:1
FNDA:7,(anonymous_0)
DA:6,3
DA:7,7
LF:2
LH:2
BRF:0
BRH:0
end_of_record
